<?xml version="1.0" encoding="UTF-8"?>
<testng-results ignored="0" total="1" passed="1" failed="0" skipped="0">
  <reporter-output>
  </reporter-output>
  <suite started-at="2021-02-04T11:46:07 IST" name="Default suite" finished-at="2021-02-04T11:46:38 IST" duration-ms="30873">
    <groups>
      <group name="cucumber">
        <method signature="AbstractTestNGCucumberTests.feature(cucumber.api.testng.CucumberFeatureWrapper)[pri:0, instance:Runner.Test_runner@4b14c583]" name="feature" class="cucumber.api.testng.AbstractTestNGCucumberTests"/>
      </group> <!-- cucumber -->
    </groups>
    <test started-at="2021-02-04T11:46:07 IST" name="Default test" finished-at="2021-02-04T11:46:38 IST" duration-ms="30873">
      <class name="Runner.Test_runner">
        <test-method is-config="true" signature="setUpClass()[pri:0, instance:Runner.Test_runner@4b14c583]" started-at="2021-02-04T11:46:07 IST" name="setUpClass" finished-at="2021-02-04T11:46:07 IST" duration-ms="350" status="PASS">
          <reporter-output>
          </reporter-output>
        </test-method> <!-- setUpClass -->
        <test-method signature="feature(cucumber.api.testng.CucumberFeatureWrapper)[pri:0, instance:Runner.Test_runner@4b14c583]" started-at="2021-02-04T11:46:07 IST" name="feature" description="Runs Cucumber Feature" data-provider="features" finished-at="2021-02-04T11:46:38 IST" duration-ms="30335" status="PASS">
          <params>
            <param index="0">
              <value>
                <![CDATA[HomePage Feature]]>
              </value>
            </param>
          </params>
          <reporter-output>
          </reporter-output>
        </test-method> <!-- feature -->
        <test-method is-config="true" signature="tearDownClass()[pri:0, instance:Runner.Test_runner@4b14c583]" started-at="2021-02-04T11:46:38 IST" name="tearDownClass" finished-at="2021-02-04T11:46:38 IST" duration-ms="4" status="PASS">
          <reporter-output>
          </reporter-output>
        </test-method> <!-- tearDownClass -->
      </class> <!-- Runner.Test_runner -->
    </test> <!-- Default test -->
  </suite> <!-- Default suite -->
</testng-results>
